0 verbose cli C:\Program Files\nodejs\node.exe C:\Program Files\nodejs\node_modules\npm\bin\npm-cli.js
1 info using npm@11.12.1
2 info using node@v24.15.0
3 silly config load:file:C:\Program Files\nodejs\node_modules\npm\npmrc
4 silly config load:file:E:\RESUME_GAP_ANALYSIS_NEW\RESUME-GAP-AI\.npmrc
5 silly config load:file:C:\Users\praveen\.npmrc
6 silly config load:file:C:\Users\praveen\AppData\Roaming\npm\etc\npmrc
7 verbose title npm exec localtunnel --port 8080
8 verbose argv "exec" "--yes" "--" "localtunnel" "--port" "8080"
9 verbose logfile logs-max:10 dir:E:\RESUME_GAP_ANALYSIS_NEW\RESUME-GAP-AI\.npm-cache\_logs\2026-05-16T03_13_37_226Z-
10 verbose logfile E:\RESUME_GAP_ANALYSIS_NEW\RESUME-GAP-AI\.npm-cache\_logs\2026-05-16T03_13_37_226Z-debug-0.log
11 silly logfile done cleaning log files
12 silly packumentCache heap:2348810240 maxSize:587202560 maxEntrySize:293601280
13 http fetch GET 200 https://registry.npmjs.org/localtunnel 484ms (cache revalidated)
14 silly packumentCache heap:2348810240 maxSize:587202560 maxEntrySize:293601280
15 silly packumentCache heap:2348810240 maxSize:587202560 maxEntrySize:293601280
16 verbose cwd E:\RESUME_GAP_ANALYSIS_NEW\RESUME-GAP-AI
17 verbose os Windows_NT 10.0.26100
18 verbose node v24.15.0
19 verbose npm  v11.12.1
20 verbose exit 1
21 verbose code 1
